<?xml version="1.0" encoding="UTF-8"?>
<testng-results ignored="0" total="1" passed="1" failed="0" skipped="0">
  <reporter-output>
  </reporter-output>
  <suite started-at="2023-05-08T13:08:35Z" name="Suite" finished-at="2023-05-08T13:08:46Z" duration-ms="10775">
    <groups>
    </groups>
    <test started-at="2023-05-08T13:08:35Z" name="Test" finished-at="2023-05-08T13:08:46Z" duration-ms="10775">
      <class name="automated.amazon">
        <test-method signature="main()[pri:0, instance:automated.amazon@4c15e7fd]" started-at="2023-05-08T13:08:35Z" name="main" finished-at="2023-05-08T13:08:46Z" duration-ms="10733" status="PASS">
          <reporter-output>
          </reporter-output>
        </test-method> <!-- main -->
      </class> <!-- automated.amazon -->
    </test> <!-- Test -->
  </suite> <!-- Suite -->
</testng-results>
