<?xml version="1.0" encoding="UTF-8"?>
<testng-results ignored="0" total="1" passed="1" failed="0" skipped="0">
  <reporter-output>
  </reporter-output>
  <suite started-at="2023-03-29T13:48:26Z" name="Default suite" finished-at="2023-03-29T13:48:30Z" duration-ms="3433">
    <groups>
    </groups>
    <test started-at="2023-03-29T13:48:26Z" name="Default test" finished-at="2023-03-29T13:48:30Z" duration-ms="3433">
      <class name="Nursemateproject.emailtrigger">
        <test-method signature="main()[pri:0, instance:Nursemateproject.emailtrigger@7c1e2a9e]" started-at="2023-03-29T13:48:26Z" name="main" finished-at="2023-03-29T13:48:30Z" duration-ms="3403" status="PASS">
          <reporter-output>
          </reporter-output>
        </test-method> <!-- main -->
      </class> <!-- Nursemateproject.emailtrigger -->
    </test> <!-- Default test -->
  </suite> <!-- Default suite -->
</testng-results>
