<?xml version="1.0" encoding="UTF-8"?>
<testng-results ignored="0" total="1" passed="1" failed="0" skipped="0">
  <reporter-output>
  </reporter-output>
  <suite started-at="2023-04-22T11:47:00Z" name="Suite" finished-at="2023-04-22T11:47:09Z" duration-ms="9096">
    <groups>
    </groups>
    <test started-at="2023-04-22T11:47:00Z" name="Test" finished-at="2023-04-22T11:47:09Z" duration-ms="9096">
      <class name="automated.amazon">
        <test-method signature="main()[pri:0, instance:automated.amazon@57250572]" started-at="2023-04-22T11:47:00Z" name="main" finished-at="2023-04-22T11:47:09Z" duration-ms="9066" status="PASS">
          <reporter-output>
          </reporter-output>
        </test-method> <!-- main -->
      </class> <!-- automated.amazon -->
    </test> <!-- Test -->
  </suite> <!-- Suite -->
</testng-results>
